<?xml version="1.0" encoding="UTF-8"?>
<!-- Generated by org.testng.reporters.JUnitReportReporter -->
<testsuite hostname="Subodh" name="hiup.test.login_Test" tests="3" failures="0" timestamp="26 Jul 2018 10:46:51 GMT" time="83.244" errors="0">
  <testcase name="userLogout" time="4.396" classname="hiup.test.login_Test"/>
  <testcase name="userLogin1" time="36.541" classname="hiup.test.login_Test"/>
  <testcase name="userLogin2" time="42.307" classname="hiup.test.login_Test"/>
</testsuite> <!-- hiup.test.login_Test -->
