<?xml version="1.0" encoding="UTF-8"?>
<!-- Generated by org.testng.reporters.JUnitReportReporter -->
<testsuite hostname="Subodh" name="hiup.test.forgetPassword_Test" tests="1" failures="0" timestamp="26 Jul 2018 09:18:16 GMT" time="56.872" errors="0">
  <testcase name="userForgetPassword" time="56.872" classname="hiup.test.forgetPassword_Test"/>
</testsuite> <!-- hiup.test.forgetPassword_Test -->
