<?xml version="1.0" encoding="UTF-8"?>
<!-- Generated by org.testng.reporters.JUnitReportReporter -->
<testsuite hostname="Subodh" name="hiup.test.application_Test" tests="4" failures="0" timestamp="10 May 2018 12:07:14 GMT" time="128.850" errors="0">
  <testcase name="interviewTest" time="9.331" classname="hiup.test.application_Test"/>
  <testcase name="applicationTest" time="48.554" classname="hiup.test.application_Test"/>
  <testcase name="userLogin" time="39.921" classname="hiup.test.application_Test"/>
  <testcase name="offerTest" time="31.044" classname="hiup.test.application_Test"/>
</testsuite> <!-- hiup.test.application_Test -->
