<?xml version="1.0" encoding="UTF-8"?>
<!-- Generated by org.testng.reporters.JUnitReportReporter -->
<testsuite hostname="Subodh" name="hiup.test.jobSearch_Test" tests="1" failures="0" timestamp="25 Apr 2018 09:49:38 GMT" time="51.033" errors="0">
  <testcase name="testJobSearch" time="51.033" classname="hiup.test.jobSearch_Test"/>
</testsuite> <!-- hiup.test.jobSearch_Test -->
