<?xml version="1.0" encoding="UTF-8"?>
<!-- Generated by org.testng.reporters.JUnitReportReporter -->
<testsuite hostname="Subodh" name="automation.login" tests="1" failures="0" timestamp="26 Jan 2018 09:51:33 GMT" time="41.490" errors="0">
  <testcase name="loginUser" time="41.490" classname="automation.login"/>
</testsuite> <!-- automation.login -->
