<?xml version="1.0" encoding="UTF-8"?>
<!-- Generated by org.testng.reporters.JUnitReportReporter -->
<testsuite hostname="Subodh" name="hiup.test.profile_Test" tests="2" failures="0" timestamp="30 Jul 2018 06:40:05 GMT" time="115.928" errors="0">
  <testcase name="userLogin" time="42.756" classname="hiup.test.profile_Test"/>
  <testcase name="profileMain" time="73.172" classname="hiup.test.profile_Test"/>
</testsuite> <!-- hiup.test.profile_Test -->
